<?xml version="1.0" encoding="UTF-8"?>
<testsuite name="com.steinko.reactsprinboottutorial.RestfulWebService.HelloWorldControllerIT" tests="1" skipped="0" failures="0" errors="0" timestamp="2020-07-13T09:34:57" hostname="Steins-MacBook-Air.local" time="2.452">
  <properties/>
  <testcase name="shouldConnect()" classname="com.steinko.reactsprinboottutorial.RestfulWebService.HelloWorldControllerIT" time="2.452"/>
  <system-out><![CDATA[2020-07-13 11:34:57.784  INFO 29549 --- [    Test worker] .b.t.c.SpringBootTestContextBootstrapper : Neither @ContextConfiguration nor @ContextHierarchy found for test class [com.steinko.reactsprinboottutorial.RestfulWebService.HelloWorldControllerIT], using SpringBootContextLoader
2020-07-13 11:34:57.794  INFO 29549 --- [    Test worker] o.s.t.c.support.AbstractContextLoader    : Could not detect default resource locations for test class [com.steinko.reactsprinboottutorial.RestfulWebService.HelloWorldControllerIT]: no resource found for suffixes {-context.xml, Context.groovy}.
2020-07-13 11:34:57.795  INFO 29549 --- [    Test worker] t.c.s.AnnotationConfigContextLoaderUtils : Could not detect default configuration classes for test class [com.steinko.reactsprinboottutorial.RestfulWebService.HelloWorldControllerIT]: HelloWorldControllerIT does not declare any static, non-private, non-final, nested classes annotated with @Configuration.
2020-07-13 11:34:57.812  INFO 29549 --- [    Test worker] .b.t.c.SpringBootTestContextBootstrapper : Found @SpringBootConfiguration com.steinko.reactsprinboottutorial.RestfulWebService.RestfulWebServiceApplication for test class com.steinko.reactsprinboottutorial.RestfulWebService.HelloWorldControllerIT
2020-07-13 11:34:57.820  INFO 29549 --- [    Test worker] .b.t.c.SpringBootTestContextBootstrapper : Loaded default TestExecutionListener class names from location [META-INF/spring.factories]: [org.springframework.boot.test.autoconfigure.restdocs.RestDocsTestExecutionListener, org.springframework.boot.test.autoconfigure.web.client.MockRestServiceServerResetTestExecutionListener, org.springframework.boot.test.autoconfigure.web.servlet.MockMvcPrintOnlyOnFailureTestExecutionListener, org.springframework.boot.test.autoconfigure.web.servlet.WebDriverTestExecutionListener, org.springframework.boot.test.autoconfigure.webservices.client.MockWebServiceServerTestExecutionListener, org.springframework.boot.test.mock.mockito.MockitoTestExecutionListener, org.springframework.boot.test.mock.mockito.ResetMocksTestExecutionListener, org.springframework.test.context.web.ServletTestExecutionListener, org.springframework.test.context.support.DirtiesContextBeforeModesTestExecutionListener, org.springframework.test.context.support.DependencyInjectionTestExecutionListener, org.springframework.test.context.support.DirtiesContextTestExecutionListener, org.springframework.test.context.transaction.TransactionalTestExecutionListener, org.springframework.test.context.jdbc.SqlScriptsTestExecutionListener, org.springframework.test.context.event.EventPublishingTestExecutionListener]
2020-07-13 11:34:57.831  INFO 29549 --- [    Test worker] .b.t.c.SpringBootTestContextBootstrapper : Using TestExecutionListeners: [org.springframework.test.context.web.ServletTestExecutionListener@6fe076fa, org.springframework.test.context.support.DirtiesContextBeforeModesTestExecutionListener@64fa811, org.springframework.boot.test.mock.mockito.MockitoTestExecutionListener@5bd74bfd, org.springframework.boot.test.autoconfigure.SpringBootDependencyInjectionTestExecutionListener@12e039b9, org.springframework.test.context.support.DirtiesContextTestExecutionListener@7e5bcab9, org.springframework.test.context.event.EventPublishingTestExecutionListener@5affa43, org.springframework.boot.test.autoconfigure.restdocs.RestDocsTestExecutionListener@64c6d1a8, org.springframework.boot.test.autoconfigure.web.client.MockRestServiceServerResetTestExecutionListener@77f81178, org.springframework.boot.test.autoconfigure.web.servlet.MockMvcPrintOnlyOnFailureTestExecutionListener@57d6033c, org.springframework.boot.test.autoconfigure.web.servlet.WebDriverTestExecutionListener@2dd18667, org.springframework.boot.test.autoconfigure.webservices.client.MockWebServiceServerTestExecutionListener@7f4849e4, org.springframework.boot.test.mock.mockito.ResetMocksTestExecutionListener@480ce4a4]
2020-07-13 11:34:59.220  INFO 29549 --- [o-auto-1-exec-1] o.a.c.c.C.[Tomcat].[localhost].[/]       : Initializing Spring DispatcherServlet 'dispatcherServlet'
2020-07-13 11:34:59.226  INFO 29549 --- [o-auto-1-exec-1] o.s.web.servlet.DispatcherServlet        : Initializing Servlet 'dispatcherServlet'
2020-07-13 11:34:59.608  INFO 29549 --- [o-auto-1-exec-1] o.s.web.servlet.DispatcherServlet        : Completed initialization in 382 ms
2020-07-13 11:34:59.955  INFO 29549 --- [o-auto-1-exec-1] c.s.r.R.HelloWorldController             : Hello World
]]></system-out>
  <system-err><![CDATA[]]></system-err>
</testsuite>
