<?xml version="1.0" encoding="UTF-8"?>
<testsuite name="com.steinko.reactsprinboottutorial.RestfulWebService.HelloWorldBeanTest" tests="3" skipped="0" failures="0" errors="0" timestamp="2020-07-13T09:35:10" hostname="Steins-MacBook-Air.local" time="0.017">
  <properties/>
  <testcase name="shouldChangeMessage()" classname="com.steinko.reactsprinboottutorial.RestfulWebService.HelloWorldBeanTest" time="0.001"/>
  <testcase name="shoulReciveToString()" classname="com.steinko.reactsprinboottutorial.RestfulWebService.HelloWorldBeanTest" time="0.001"/>
  <testcase name="shouldRecieMessage()" classname="com.steinko.reactsprinboottutorial.RestfulWebService.HelloWorldBeanTest" time="0.01"/>
  <system-out><![CDATA[]]></system-out>
  <system-err><![CDATA[]]></system-err>
</testsuite>
