<?xml version="1.0" encoding="UTF-8"?>
<testsuite name="com.steinko.reactsprinboottutorial.RestfulWebService.WebApplicationContextTest" tests="2" skipped="0" failures="0" errors="0" timestamp="2020-07-13T09:34:53" hostname="Steins-MacBook-Air.local" time="4.342">
  <properties/>
  <testcase name="shouldLoadToDoService()" classname="com.steinko.reactsprinboottutorial.RestfulWebService.WebApplicationContextTest" time="4.27"/>
  <testcase name="shouldLoadToDoControlle()" classname="com.steinko.reactsprinboottutorial.RestfulWebService.WebApplicationContextTest" time="0.029"/>
  <system-out><![CDATA[11:34:32.453 [Test worker] DEBUG org.springframework.test.context.BootstrapUtils - Instantiating CacheAwareContextLoaderDelegate from class [org.springframework.test.context.cache.DefaultCacheAwareContextLoaderDelegate]
11:34:32.634 [Test worker] DEBUG org.springframework.test.context.BootstrapUtils - Instantiating BootstrapContext using constructor [public org.springframework.test.context.support.DefaultBootstrapContext(java.lang.Class,org.springframework.test.context.CacheAwareContextLoaderDelegate)]
11:34:32.816 [Test worker] DEBUG org.springframework.test.context.BootstrapUtils - Instantiating TestContextBootstrapper for test class [com.steinko.reactsprinboottutorial.RestfulWebService.WebApplicationContextTest] from class [org.springframework.boot.test.context.SpringBootTestContextBootstrapper]
11:34:32.907 [Test worker] INFO org.springframework.boot.test.context.SpringBootTestContextBootstrapper - Neither @ContextConfiguration nor @ContextHierarchy found for test class [com.steinko.reactsprinboottutorial.RestfulWebService.WebApplicationContextTest], using SpringBootContextLoader
11:34:32.933 [Test worker] DEBUG org.springframework.test.context.support.AbstractContextLoader - Did not detect default resource location for test class [com.steinko.reactsprinboottutorial.RestfulWebService.WebApplicationContextTest]: class path resource [com/steinko/reactsprinboottutorial/RestfulWebService/WebApplicationContextTest-context.xml] does not exist
11:34:32.969 [Test worker] DEBUG org.springframework.test.context.support.AbstractContextLoader - Did not detect default resource location for test class [com.steinko.reactsprinboottutorial.RestfulWebService.WebApplicationContextTest]: class path resource [com/steinko/reactsprinboottutorial/RestfulWebService/WebApplicationContextTestContext.groovy] does not exist
11:34:32.970 [Test worker] INFO org.springframework.test.context.support.AbstractContextLoader - Could not detect default resource locations for test class [com.steinko.reactsprinboottutorial.RestfulWebService.WebApplicationContextTest]: no resource found for suffixes {-context.xml, Context.groovy}.
11:34:32.975 [Test worker] INFO org.springframework.test.context.support.AnnotationConfigContextLoaderUtils - Could not detect default configuration classes for test class [com.steinko.reactsprinboottutorial.RestfulWebService.WebApplicationContextTest]: WebApplicationContextTest does not declare any static, non-private, non-final, nested classes annotated with @Configuration.
11:34:33.206 [Test worker] DEBUG org.springframework.test.context.support.ActiveProfilesUtils - Could not find an 'annotation declaring class' for annotation type [org.springframework.test.context.ActiveProfiles] and class [com.steinko.reactsprinboottutorial.RestfulWebService.WebApplicationContextTest]
11:34:33.743 [Test worker] DEBUG org.springframework.context.annotation.ClassPathScanningCandidateComponentProvider - Identified candidate component class: file [/Users/steinkorsveien/Development/TestWorkSpace/todobackend/build/classes/java/main/com/steinko/reactsprinboottutorial/RestfulWebService/RestfulWebServiceApplication.class]
11:34:33.801 [Test worker] INFO org.springframework.boot.test.context.SpringBootTestContextBootstrapper - Found @SpringBootConfiguration com.steinko.reactsprinboottutorial.RestfulWebService.RestfulWebServiceApplication for test class com.steinko.reactsprinboottutorial.RestfulWebService.WebApplicationContextTest
11:34:34.687 [Test worker] DEBUG org.springframework.boot.test.context.SpringBootTestContextBootstrapper - @TestExecutionListeners is not present for class [com.steinko.reactsprinboottutorial.RestfulWebService.WebApplicationContextTest]: using defaults.
11:34:34.702 [Test worker] INFO org.springframework.boot.test.context.SpringBootTestContextBootstrapper - Loaded default TestExecutionListener class names from location [META-INF/spring.factories]: [org.springframework.boot.test.autoconfigure.restdocs.RestDocsTestExecutionListener, org.springframework.boot.test.autoconfigure.web.client.MockRestServiceServerResetTestExecutionListener, org.springframework.boot.test.autoconfigure.web.servlet.MockMvcPrintOnlyOnFailureTestExecutionListener, org.springframework.boot.test.autoconfigure.web.servlet.WebDriverTestExecutionListener, org.springframework.boot.test.autoconfigure.webservices.client.MockWebServiceServerTestExecutionListener, org.springframework.boot.test.mock.mockito.MockitoTestExecutionListener, org.springframework.boot.test.mock.mockito.ResetMocksTestExecutionListener, org.springframework.test.context.web.ServletTestExecutionListener, org.springframework.test.context.support.DirtiesContextBeforeModesTestExecutionListener, org.springframework.test.context.support.DependencyInjectionTestExecutionListener, org.springframework.test.context.support.DirtiesContextTestExecutionListener, org.springframework.test.context.transaction.TransactionalTestExecutionListener, org.springframework.test.context.jdbc.SqlScriptsTestExecutionListener, org.springframework.test.context.event.EventPublishingTestExecutionListener]
11:34:34.773 [Test worker] DEBUG org.springframework.boot.test.context.SpringBootTestContextBootstrapper - Skipping candidate TestExecutionListener [org.springframework.test.context.transaction.TransactionalTestExecutionListener] due to a missing dependency. Specify custom listener classes or make the default listener classes and their required dependencies available. Offending class: [org/springframework/transaction/interceptor/TransactionAttributeSource]
11:34:34.774 [Test worker] DEBUG org.springframework.boot.test.context.SpringBootTestContextBootstrapper - Skipping candidate TestExecutionListener [org.springframework.test.context.jdbc.SqlScriptsTestExecutionListener] due to a missing dependency. Specify custom listener classes or make the default listener classes and their required dependencies available. Offending class: [org/springframework/transaction/interceptor/TransactionAttribute]
11:34:34.775 [Test worker] INFO org.springframework.boot.test.context.SpringBootTestContextBootstrapper - Using TestExecutionListeners: [org.springframework.test.context.web.ServletTestExecutionListener@65ff9c0d, org.springframework.test.context.support.DirtiesContextBeforeModesTestExecutionListener@48ab5f38, org.springframework.boot.test.mock.mockito.MockitoTestExecutionListener@e7d054e, org.springframework.boot.test.autoconfigure.SpringBootDependencyInjectionTestExecutionListener@3805ada4, org.springframework.test.context.support.DirtiesContextTestExecutionListener@2183515d, org.springframework.test.context.event.EventPublishingTestExecutionListener@334398ca, org.springframework.boot.test.autoconfigure.restdocs.RestDocsTestExecutionListener@5572ac99, org.springframework.boot.test.autoconfigure.web.client.MockRestServiceServerResetTestExecutionListener@408f531e, org.springframework.boot.test.autoconfigure.web.servlet.MockMvcPrintOnlyOnFailureTestExecutionListener@7bbdebeb, org.springframework.boot.test.autoconfigure.web.servlet.WebDriverTestExecutionListener@5497a99e, org.springframework.boot.test.autoconfigure.webservices.client.MockWebServiceServerTestExecutionListener@14c1c1f1, org.springframework.boot.test.mock.mockito.ResetMocksTestExecutionListener@2eec67d4]
11:34:34.799 [Test worker] DEBUG org.springframework.test.context.support.AbstractDirtiesContextTestExecutionListener - Before test class: context [DefaultTestContext@19c91370 testClass = WebApplicationContextTest, testInstance = [null], testMethod = [null], testException = [null], mergedContextConfiguration = [WebMergedContextConfiguration@4cea46f6 testClass = WebApplicationContextTest, locations = '{}', classes = '{class com.steinko.reactsprinboottutorial.RestfulWebService.RestfulWebServiceApplication}', contextInitializerClasses = '[]', activeProfiles = '{}', propertySourceLocations = '{}', propertySourceProperties = '{org.springframework.boot.test.context.SpringBootTestContextBootstrapper=true, server.port=0}', contextCustomizers = set[org.springframework.boot.test.autoconfigure.properties.PropertyMappingContextCustomizer@0, org.springframework.boot.test.autoconfigure.web.servlet.WebDriverContextCustomizerFactory$Customizer@7d563125, org.springframework.boot.test.context.filter.ExcludeFilterContextCustomizer@39afbcd7, org.springframework.boot.test.json.DuplicateJsonObjectContextCustomizerFactory$DuplicateJsonObjectContextCustomizer@2f137b02, org.springframework.boot.test.mock.mockito.MockitoContextCustomizer@0, org.springframework.boot.test.web.client.TestRestTemplateContextCustomizer@42527630, org.springframework.boot.test.context.SpringBootTestArgs@1], resourceBasePath = 'src/main/webapp', contextLoader = 'org.springframework.boot.test.context.SpringBootContextLoader', parent = [null]], attributes = map['org.springframework.test.context.web.ServletTestExecutionListener.activateListener' -> false]], class annotated with @DirtiesContext [false] with mode [null].
11:34:34.860 [Test worker] DEBUG org.springframework.test.context.support.DependencyInjectionTestExecutionListener - Performing dependency injection for test context [[DefaultTestContext@19c91370 testClass = WebApplicationContextTest, testInstance = com.steinko.reactsprinboottutorial.RestfulWebService.WebApplicationContextTest@2115b806, testMethod = [null], testException = [null], mergedContextConfiguration = [WebMergedContextConfiguration@4cea46f6 testClass = WebApplicationContextTest, locations = '{}', classes = '{class com.steinko.reactsprinboottutorial.RestfulWebService.RestfulWebServiceApplication}', contextInitializerClasses = '[]', activeProfiles = '{}', propertySourceLocations = '{}', propertySourceProperties = '{org.springframework.boot.test.context.SpringBootTestContextBootstrapper=true, server.port=0}', contextCustomizers = set[org.springframework.boot.test.autoconfigure.properties.PropertyMappingContextCustomizer@0, org.springframework.boot.test.autoconfigure.web.servlet.WebDriverContextCustomizerFactory$Customizer@7d563125, org.springframework.boot.test.context.filter.ExcludeFilterContextCustomizer@39afbcd7, org.springframework.boot.test.json.DuplicateJsonObjectContextCustomizerFactory$DuplicateJsonObjectContextCustomizer@2f137b02, org.springframework.boot.test.mock.mockito.MockitoContextCustomizer@0, org.springframework.boot.test.web.client.TestRestTemplateContextCustomizer@42527630, org.springframework.boot.test.context.SpringBootTestArgs@1], resourceBasePath = 'src/main/webapp', contextLoader = 'org.springframework.boot.test.context.SpringBootContextLoader', parent = [null]], attributes = map['org.springframework.test.context.web.ServletTestExecutionListener.activateListener' -> false]]].
11:34:35.224 [Test worker] DEBUG org.springframework.test.context.support.TestPropertySourceUtils - Adding inlined properties to environment: {spring.jmx.enabled=false, org.springframework.boot.test.context.SpringBootTestContextBootstrapper=true, server.port=0}

  .   ____          _            __ _ _
 /\\ / ___'_ __ _ _(_)_ __  __ _ \ \ \ \
( ( )\___ | '_ | '_| | '_ \/ _` | \ \ \ \
 \\/  ___)| |_)| | | | | || (_| |  ) ) ) )
  '  |____| .__|_| |_|_| |_\__, | / / / /
 =========|_|==============|___/=/_/_/_/
 :: Spring Boot ::        (v2.3.1.RELEASE)

2020-07-13 11:34:37.980  INFO 29549 --- [    Test worker] c.s.r.R.WebApplicationContextTest        : Starting WebApplicationContextTest on Steins-MacBook-Air.local with PID 29549 (started by steinkorsveien in /Users/steinkorsveien/Development/TestWorkSpace/todobackend)
2020-07-13 11:34:37.984  INFO 29549 --- [    Test worker] c.s.r.R.WebApplicationContextTest        : No active profile set, falling back to default profiles: default
2020-07-13 11:34:45.947  INFO 29549 --- [    Test worker] o.s.b.w.embedded.tomcat.TomcatWebServer  : Tomcat initialized with port(s): 0 (http)
2020-07-13 11:34:46.011  INFO 29549 --- [    Test worker] o.apache.catalina.core.StandardService   : Starting service [Tomcat]
2020-07-13 11:34:46.012  INFO 29549 --- [    Test worker] org.apache.catalina.core.StandardEngine  : Starting Servlet engine: [Apache Tomcat/9.0.36]
2020-07-13 11:34:46.935  INFO 29549 --- [    Test worker] o.a.c.c.C.[Tomcat].[localhost].[/]       : Initializing Spring embedded WebApplicationContext
2020-07-13 11:34:46.937  INFO 29549 --- [    Test worker] w.s.c.ServletWebServerApplicationContext : Root WebApplicationContext: initialization completed in 7463 ms
2020-07-13 11:34:48.847  INFO 29549 --- [    Test worker] o.s.s.concurrent.ThreadPoolTaskExecutor  : Initializing ExecutorService 'applicationTaskExecutor'
2020-07-13 11:34:53.192  INFO 29549 --- [    Test worker] o.s.b.w.embedded.tomcat.TomcatWebServer  : Tomcat started on port(s): 62922 (http) with context path ''
2020-07-13 11:34:53.282  INFO 29549 --- [    Test worker] c.s.r.R.WebApplicationContextTest        : Started WebApplicationContextTest in 18.025 seconds (JVM running for 31.783)
]]></system-out>
  <system-err><![CDATA[]]></system-err>
</testsuite>
