<?xml version="1.0" encoding="UTF-8"?>
<testsuite name="com.steinko.reactsprinboottutorial.RestfulWebService.HelloWorldAPITest" tests="3" skipped="0" failures="0" errors="0" timestamp="2020-07-13T09:35:04" hostname="Steins-MacBook-Air.local" time="0.422">
  <properties/>
  <testcase name="shouldReciveHelloWorldBean()" classname="com.steinko.reactsprinboottutorial.RestfulWebService.HelloWorldAPITest" time="0.271"/>
  <testcase name="shouldReciveHelloWorld()" classname="com.steinko.reactsprinboottutorial.RestfulWebService.HelloWorldAPITest" time="0.048"/>
  <testcase name="shouldReciveHelloWorldStein()" classname="com.steinko.reactsprinboottutorial.RestfulWebService.HelloWorldAPITest" time="0.098"/>
  <system-out><![CDATA[2020-07-13 11:35:00.484  INFO 29549 --- [    Test worker] .b.t.a.w.s.WebMvcTestContextBootstrapper : Neither @ContextConfiguration nor @ContextHierarchy found for test class [com.steinko.reactsprinboottutorial.RestfulWebService.HelloWorldAPITest], using SpringBootContextLoader
2020-07-13 11:35:00.505  INFO 29549 --- [    Test worker] o.s.t.c.support.AbstractContextLoader    : Could not detect default resource locations for test class [com.steinko.reactsprinboottutorial.RestfulWebService.HelloWorldAPITest]: no resource found for suffixes {-context.xml, Context.groovy}.
2020-07-13 11:35:00.507  INFO 29549 --- [    Test worker] t.c.s.AnnotationConfigContextLoaderUtils : Could not detect default configuration classes for test class [com.steinko.reactsprinboottutorial.RestfulWebService.HelloWorldAPITest]: HelloWorldAPITest does not declare any static, non-private, non-final, nested classes annotated with @Configuration.
2020-07-13 11:35:00.660  INFO 29549 --- [    Test worker] .b.t.c.SpringBootTestContextBootstrapper : Found @SpringBootConfiguration com.steinko.reactsprinboottutorial.RestfulWebService.RestfulWebServiceApplication for test class com.steinko.reactsprinboottutorial.RestfulWebService.HelloWorldAPITest
2020-07-13 11:35:00.663  INFO 29549 --- [    Test worker] .b.t.a.w.s.WebMvcTestContextBootstrapper : Loaded default TestExecutionListener class names from location [META-INF/spring.factories]: [org.springframework.boot.test.autoconfigure.restdocs.RestDocsTestExecutionListener, org.springframework.boot.test.autoconfigure.web.client.MockRestServiceServerResetTestExecutionListener, org.springframework.boot.test.autoconfigure.web.servlet.MockMvcPrintOnlyOnFailureTestExecutionListener, org.springframework.boot.test.autoconfigure.web.servlet.WebDriverTestExecutionListener, org.springframework.boot.test.autoconfigure.webservices.client.MockWebServiceServerTestExecutionListener, org.springframework.boot.test.mock.mockito.MockitoTestExecutionListener, org.springframework.boot.test.mock.mockito.ResetMocksTestExecutionListener, org.springframework.test.context.web.ServletTestExecutionListener, org.springframework.test.context.support.DirtiesContextBeforeModesTestExecutionListener, org.springframework.test.context.support.DependencyInjectionTestExecutionListener, org.springframework.test.context.support.DirtiesContextTestExecutionListener, org.springframework.test.context.transaction.TransactionalTestExecutionListener, org.springframework.test.context.jdbc.SqlScriptsTestExecutionListener, org.springframework.test.context.event.EventPublishingTestExecutionListener]
2020-07-13 11:35:00.681  INFO 29549 --- [    Test worker] .b.t.a.w.s.WebMvcTestContextBootstrapper : Using TestExecutionListeners: [org.springframework.test.context.web.ServletTestExecutionListener@43803e68, org.springframework.test.context.support.DirtiesContextBeforeModesTestExecutionListener@5d4595f3, org.springframework.boot.test.mock.mockito.MockitoTestExecutionListener@7074c655, org.springframework.boot.test.autoconfigure.SpringBootDependencyInjectionTestExecutionListener@cb1c916, org.springframework.test.context.support.DirtiesContextTestExecutionListener@4e80d596, org.springframework.test.context.event.EventPublishingTestExecutionListener@3f9b2bb8, org.springframework.boot.test.autoconfigure.restdocs.RestDocsTestExecutionListener@690b0470, org.springframework.boot.test.autoconfigure.web.client.MockRestServiceServerResetTestExecutionListener@6bf0993e, org.springframework.boot.test.autoconfigure.web.servlet.MockMvcPrintOnlyOnFailureTestExecutionListener@2314cdb3, org.springframework.boot.test.autoconfigure.web.servlet.WebDriverTestExecutionListener@4534e482, org.springframework.boot.test.autoconfigure.webservices.client.MockWebServiceServerTestExecutionListener@74ad50d0, org.springframework.boot.test.mock.mockito.ResetMocksTestExecutionListener@1bfb0e12]

  .   ____          _            __ _ _
 /\\ / ___'_ __ _ _(_)_ __  __ _ \ \ \ \
( ( )\___ | '_ | '_| | '_ \/ _` | \ \ \ \
 \\/  ___)| |_)| | | | | || (_| |  ) ) ) )
  '  |____| .__|_| |_|_| |_\__, | / / / /
 =========|_|==============|___/=/_/_/_/
 :: Spring Boot ::        (v2.3.1.RELEASE)

2020-07-13 11:35:01.069  INFO 29549 --- [    Test worker] c.s.r.R.HelloWorldAPITest                : Starting HelloWorldAPITest on Steins-MacBook-Air.local with PID 29549 (started by steinkorsveien in /Users/steinkorsveien/Development/TestWorkSpace/todobackend)
2020-07-13 11:35:01.072  INFO 29549 --- [    Test worker] c.s.r.R.HelloWorldAPITest                : No active profile set, falling back to default profiles: default
2020-07-13 11:35:03.364  INFO 29549 --- [    Test worker] o.s.s.concurrent.ThreadPoolTaskExecutor  : Initializing ExecutorService 'applicationTaskExecutor'
2020-07-13 11:35:04.463  INFO 29549 --- [    Test worker] o.s.b.t.m.w.SpringBootMockServletContext : Initializing Spring TestDispatcherServlet ''
2020-07-13 11:35:04.464  INFO 29549 --- [    Test worker] o.s.t.web.servlet.TestDispatcherServlet  : Initializing Servlet ''
2020-07-13 11:35:04.469  INFO 29549 --- [    Test worker] o.s.t.web.servlet.TestDispatcherServlet  : Completed initialization in 5 ms
2020-07-13 11:35:04.656  INFO 29549 --- [    Test worker] c.s.r.R.HelloWorldAPITest                : Started HelloWorldAPITest in 3.933 seconds (JVM running for 43.156)
2020-07-13 11:35:04.749  INFO 29549 --- [    Test worker] c.s.r.R.HelloWorldController             : Hello World Bean
2020-07-13 11:35:04.960  INFO 29549 --- [    Test worker] c.s.r.R.HelloWorldController             : Hello World
2020-07-13 11:35:05.072  INFO 29549 --- [    Test worker] c.s.r.R.HelloWorldController             : Hello World Path Variable
2020-07-13 11:35:05.073  INFO 29549 --- [    Test worker] c.s.r.R.HelloWorldController             : Stein
]]></system-out>
  <system-err><![CDATA[]]></system-err>
</testsuite>
