<?xml version="1.0" encoding="UTF-8"?>
<testsuite name="com.steinko.reactsprinboottutorial.RestfulWebService.TodoControllerIT" tests="1" skipped="0" failures="0" errors="0" timestamp="2020-07-13T09:35:10" hostname="Steins-MacBook-Air.local" time="0.199">
  <properties/>
  <testcase name="shoulReturnPerson()" classname="com.steinko.reactsprinboottutorial.RestfulWebService.TodoControllerIT" time="0.199"/>
  <system-out><![CDATA[2020-07-13 11:35:10.003  INFO 29549 --- [    Test worker] .b.t.c.SpringBootTestContextBootstrapper : Neither @ContextConfiguration nor @ContextHierarchy found for test class [com.steinko.reactsprinboottutorial.RestfulWebService.TodoControllerIT], using SpringBootContextLoader
2020-07-13 11:35:10.009  INFO 29549 --- [    Test worker] o.s.t.c.support.AbstractContextLoader    : Could not detect default resource locations for test class [com.steinko.reactsprinboottutorial.RestfulWebService.TodoControllerIT]: no resource found for suffixes {-context.xml, Context.groovy}.
2020-07-13 11:35:10.010  INFO 29549 --- [    Test worker] t.c.s.AnnotationConfigContextLoaderUtils : Could not detect default configuration classes for test class [com.steinko.reactsprinboottutorial.RestfulWebService.TodoControllerIT]: TodoControllerIT does not declare any static, non-private, non-final, nested classes annotated with @Configuration.
2020-07-13 11:35:10.017  INFO 29549 --- [    Test worker] .b.t.c.SpringBootTestContextBootstrapper : Found @SpringBootConfiguration com.steinko.reactsprinboottutorial.RestfulWebService.RestfulWebServiceApplication for test class com.steinko.reactsprinboottutorial.RestfulWebService.TodoControllerIT
2020-07-13 11:35:10.040  INFO 29549 --- [    Test worker] .b.t.c.SpringBootTestContextBootstrapper : Loaded default TestExecutionListener class names from location [META-INF/spring.factories]: [org.springframework.boot.test.autoconfigure.restdocs.RestDocsTestExecutionListener, org.springframework.boot.test.autoconfigure.web.client.MockRestServiceServerResetTestExecutionListener, org.springframework.boot.test.autoconfigure.web.servlet.MockMvcPrintOnlyOnFailureTestExecutionListener, org.springframework.boot.test.autoconfigure.web.servlet.WebDriverTestExecutionListener, org.springframework.boot.test.autoconfigure.webservices.client.MockWebServiceServerTestExecutionListener, org.springframework.boot.test.mock.mockito.MockitoTestExecutionListener, org.springframework.boot.test.mock.mockito.ResetMocksTestExecutionListener, org.springframework.test.context.web.ServletTestExecutionListener, org.springframework.test.context.support.DirtiesContextBeforeModesTestExecutionListener, org.springframework.test.context.support.DependencyInjectionTestExecutionListener, org.springframework.test.context.support.DirtiesContextTestExecutionListener, org.springframework.test.context.transaction.TransactionalTestExecutionListener, org.springframework.test.context.jdbc.SqlScriptsTestExecutionListener, org.springframework.test.context.event.EventPublishingTestExecutionListener]
2020-07-13 11:35:10.045  INFO 29549 --- [    Test worker] .b.t.c.SpringBootTestContextBootstrapper : Using TestExecutionListeners: [org.springframework.test.context.web.ServletTestExecutionListener@7afc3171, org.springframework.test.context.support.DirtiesContextBeforeModesTestExecutionListener@1ace2757, org.springframework.boot.test.mock.mockito.MockitoTestExecutionListener@69c4d49f, org.springframework.boot.test.autoconfigure.SpringBootDependencyInjectionTestExecutionListener@680f81de, org.springframework.test.context.support.DirtiesContextTestExecutionListener@73e35217, org.springframework.test.context.event.EventPublishingTestExecutionListener@187c37a3, org.springframework.boot.test.autoconfigure.restdocs.RestDocsTestExecutionListener@57d3781f, org.springframework.boot.test.autoconfigure.web.client.MockRestServiceServerResetTestExecutionListener@4346124a, org.springframework.boot.test.autoconfigure.web.servlet.MockMvcPrintOnlyOnFailureTestExecutionListener@2a5c83df, org.springframework.boot.test.autoconfigure.web.servlet.WebDriverTestExecutionListener@53646818, org.springframework.boot.test.autoconfigure.webservices.client.MockWebServiceServerTestExecutionListener@1f3be1eb, org.springframework.boot.test.mock.mockito.ResetMocksTestExecutionListener@6c9c6404]
2020-07-13 11:35:10.151  INFO 29549 --- [    Test worker] c.s.r.R.TodoControllerIT                 : Before Get Todos
2020-07-13 11:35:10.151  INFO 29549 --- [    Test worker] c.s.r.R.TodoControllerIT                 : http://localhost:62922/users/stein/todos
2020-07-13 11:35:10.163  INFO 29549 --- [    Test worker] c.s.r.R.TodoControllerIT                 : [{"id":1,"username":"Stein","description":"Fix mutter","targetData":"01-01-2020 02:30:00","done":false},{"id":2,"username":"Oddmund","description":"Fix kajak","targetData":"01-01-2020 02:30:00","done":false}]
2020-07-13 11:35:10.184  INFO 29549 --- [    Test worker] o.a.c.c.C.[Tomcat].[localhost].[/]       : Initializing Spring TestDispatcherServlet ''
2020-07-13 11:35:10.185  INFO 29549 --- [    Test worker] o.s.t.web.servlet.TestDispatcherServlet  : Initializing Servlet ''
2020-07-13 11:35:10.196  INFO 29549 --- [    Test worker] o.s.t.web.servlet.TestDispatcherServlet  : Completed initialization in 11 ms
2020-07-13 11:35:10.218  INFO 29549 --- [    Test worker] c.s.r.RestfulWebService.TodoService      : [com.steinko.reactsprinboottutorial.RestfulWebService.Todo@4cc86f73, com.steinko.reactsprinboottutorial.RestfulWebService.Todo@505ec583]
2020-07-13 11:35:10.218  INFO 29549 --- [    Test worker] c.s.r.RestfulWebService.TodoController   : [com.steinko.reactsprinboottutorial.RestfulWebService.Todo@4cc86f73, com.steinko.reactsprinboottutorial.RestfulWebService.Todo@505ec583]
2020-07-13 11:35:10.298  INFO 29549 --- [    Test worker] c.s.r.R.TodoControllerIT                 : After Get Todos
]]></system-out>
  <system-err><![CDATA[]]></system-err>
</testsuite>
